android/AssetManager/src/app/manifest-merger-release-report.txt
-- Merging decision tree log ---
manifest
ADDED from AndroidManifest.xml:2:1
	xmlns:android
		ADDED from AndroidManifest.xml:2:11
	package
		ADDED from AndroidManifest.xml:3:5
	android:versionName
		ADDED from AndroidManifest.xml:5:5
		INJECTED from AndroidManifest.xml:0:0
		INJECTED from AndroidManifest.xml:0:0
	android:versionCode
		ADDED from AndroidManifest.xml:4:5
		INJECTED from AndroidManifest.xml:0:0
		INJECTED from AndroidManifest.xml:0:0
uses-sdk
ADDED from AndroidManifest.xml:8:5
MERGED from cireson_android:zxinglib:unspecified:23:5
MERGED from com.android.support:appcompat-v7:19.1.0:18:5
	android:targetSdkVersion
		ADDED from AndroidManifest.xml:10:9
		INJECTED from AndroidManifest.xml:0:0
		INJECTED from AndroidManifest.xml:0:0
	android:minSdkVersion
		ADDED from AndroidManifest.xml:9:9
		INJECTED from AndroidManifest.xml:0:0
		INJECTED from AndroidManifest.xml:0:0
uses-permission#android.permission.CAMERA
ADDED from AndroidManifest.xml:12:5
MERGED from cireson_android:zxinglib:unspecified:27:5
	android:name
		ADDED from AndroidManifest.xml:12:22
uses-permission#android.permission.BLUETOOTH
ADDED from AndroidManifest.xml:13:5
	android:name
		ADDED from AndroidManifest.xml:13:22
uses-permission#android.permission.BLUETOOTH_ADMIN
ADDED from AndroidManifest.xml:14:5
	android:name
		ADDED from AndroidManifest.xml:14:22
uses-permission#android.permission.ACCESS_NETWORK_STATE
ADDED from AndroidManifest.xml:15:5
	android:name
		ADDED from AndroidManifest.xml:15:22
supports-screens
ADDED from AndroidManifest.xml:17:5
MERGED from cireson_android:zxinglib:unspecified:66:5
	android:largeScreens
		ADDED from AndroidManifest.xml:19:9
	android:anyDensity
		ADDED from AndroidManifest.xml:18:9
	android:normalScreens
		ADDED from AndroidManifest.xml:20:9
	android:xlargeScreens
		ADDED from AndroidManifest.xml:22:9
	android:smallScreens
		ADDED from AndroidManifest.xml:21:9
uses-feature#android.hardware.camera
ADDED from AndroidManifest.xml:24:5
MERGED from cireson_android:zxinglib:unspecified:38:5
	android:name
		ADDED from AndroidManifest.xml:24:19
uses-feature#android.hardware.camera.autofocus
ADDED from AndroidManifest.xml:25:5
MERGED from cireson_android:zxinglib:unspecified:48:5
	android:name
		ADDED from AndroidManifest.xml:25:19
application
ADDED from AndroidManifest.xml:27:5
MERGED from cireson_android:zxinglib:unspecified:73:5
MERGED from com.android.support:appcompat-v7:19.1.0:19:5
	android:label
		ADDED from AndroidManifest.xml:30:9
	android:allowBackup
		ADDED from AndroidManifest.xml:28:9
	android:icon
		ADDED from AndroidManifest.xml:29:9
	android:hardwareAccelerated
		ADDED from cireson_android:zxinglib:unspecified:75:9
	android:theme
		ADDED from AndroidManifest.xml:31:9
activity#com.cireson.assetmanager.splash.SplashScreen
ADDED from AndroidManifest.xml:33:9
	android:screenOrientation
		ADDED from AndroidManifest.xml:37:13
	android:label
		ADDED from AndroidManifest.xml:36:13
	android:configChanges
		ADDED from AndroidManifest.xml:35:13
	android:name
		ADDED from AndroidManifest.xml:34:13
intent-filter#android.intent.action.MAIN+android.intent.category.LAUNCHER
ADDED from AndroidManifest.xml:38:13
action#android.intent.action.MAIN
ADDED from AndroidManifest.xml:39:17
	android:name
		ADDED from AndroidManifest.xml:39:25
category#android.intent.category.LAUNCHER
ADDED from AndroidManifest.xml:40:17
	android:name
		ADDED from AndroidManifest.xml:40:27
activity#com.cireson.assetmanager.controller.LoginActivity
ADDED from AndroidManifest.xml:43:9
	android:windowSoftInputMode
		ADDED from AndroidManifest.xml:48:13
	android:screenOrientation
		ADDED from AndroidManifest.xml:47:13
	android:noHistory
		ADDED from AndroidManifest.xml:46:13
	android:label
		ADDED from AndroidManifest.xml:45:13
	android:name
		ADDED from AndroidManifest.xml:44:13
activity#com.cireson.assetmanager.controller.MainNavigationActivity
ADDED from AndroidManifest.xml:50:9
	android:screenOrientation
		ADDED from AndroidManifest.xml:53:13
	android:label
		ADDED from AndroidManifest.xml:52:13
	android:name
		ADDED from AndroidManifest.xml:51:13
activity#com.cireson.assetmanager.controller.AssetsSearchActivity
ADDED from AndroidManifest.xml:55:9
	android:screenOrientation
		ADDED from AndroidManifest.xml:58:13
	android:label
		ADDED from AndroidManifest.xml:57:13
	android:name
		ADDED from AndroidManifest.xml:56:13
activity#com.cireson.assetmanager.controller.AssetsSearchResultsActivity
ADDED from AndroidManifest.xml:60:9
	android:screenOrientation
		ADDED from AndroidManifest.xml:63:13
	android:label
		ADDED from AndroidManifest.xml:62:13
	android:name
		ADDED from AndroidManifest.xml:61:13
activity#com.cireson.assetmanager.controller.AssetsScannerActivity
ADDED from AndroidManifest.xml:65:9
	android:screenOrientation
		ADDED from AndroidManifest.xml:68:13
	android:label
		ADDED from AndroidManifest.xml:67:13
	android:name
		ADDED from AndroidManifest.xml:66:13
activity#com.cireson.assetmanager.controller.BluetoothPairedDeviceListActivity
ADDED from AndroidManifest.xml:70:9
	android:screenOrientation
		ADDED from AndroidManifest.xml:73:13
	android:label
		ADDED from AndroidManifest.xml:72:13
	android:name
		ADDED from AndroidManifest.xml:71:13
activity#com.cireson.assetmanager.controller.AssetsEditorActivity
ADDED from AndroidManifest.xml:75:9
	android:screenOrientation
		ADDED from AndroidManifest.xml:78:13
	android:label
		ADDED from AndroidManifest.xml:77:13
	android:name
		ADDED from AndroidManifest.xml:76:13
activity#com.cireson.assetmanager.controller.StatusTreeViewActivity
ADDED from AndroidManifest.xml:79:9
	android:screenOrientation
		ADDED from AndroidManifest.xml:82:13
	android:label
		ADDED from AndroidManifest.xml:81:13
	android:name
		ADDED from AndroidManifest.xml:80:13
activity#com.cireson.assetmanager.controller.LocOrgCcSelectionActivity
ADDED from AndroidManifest.xml:84:9
	android:screenOrientation
		ADDED from AndroidManifest.xml:87:13
	android:label
		ADDED from AndroidManifest.xml:86:13
	android:name
		ADDED from AndroidManifest.xml:85:13
activity#com.cireson.assetmanager.controller.CustodianSearchActivity
ADDED from AndroidManifest.xml:88:9
	android:screenOrientation
		ADDED from AndroidManifest.xml:91:13
	android:label
		ADDED from AndroidManifest.xml:90:13
	android:name
		ADDED from AndroidManifest.xml:89:13
activity#com.cireson.assetmanager.controller.DatePickerActivity
ADDED from AndroidManifest.xml:93:9
	android:screenOrientation
		ADDED from AndroidManifest.xml:96:13
	android:label
		ADDED from AndroidManifest.xml:95:13
	android:name
		ADDED from AndroidManifest.xml:94:13
activity#com.cireson.assetmanager.controller.AssetsDisposalActivity
ADDED from AndroidManifest.xml:97:9
	android:screenOrientation
		ADDED from AndroidManifest.xml:100:13
	android:label
		ADDED from AndroidManifest.xml:99:13
	android:name
		ADDED from AndroidManifest.xml:98:13
activity#com.cireson.assetmanager.controller.InventorySearchActivity
ADDED from AndroidManifest.xml:101:9
	android:screenOrientation
		ADDED from AndroidManifest.xml:104:13
	android:label
		ADDED from AndroidManifest.xml:103:13
	android:name
		ADDED from AndroidManifest.xml:102:13
activity#com.cireson.assetmanager.controller.InventoryAuditsEmailSettingsActivity
ADDED from AndroidManifest.xml:105:9
	android:screenOrientation
		ADDED from AndroidManifest.xml:108:13
	android:label
		ADDED from AndroidManifest.xml:107:13
	android:name
		ADDED from AndroidManifest.xml:106:13
activity#com.cireson.assetmanager.controller.PossibleMatchedAssetsActivity
ADDED from AndroidManifest.xml:109:9
	android:screenOrientation
		ADDED from AndroidManifest.xml:112:13
	android:label
		ADDED from AndroidManifest.xml:111:13
	android:name
		ADDED from AndroidManifest.xml:110:13
activity#com.cireson.assetmanager.controller.DisposalReferenceEditorActivity
ADDED from AndroidManifest.xml:113:9
	android:screenOrientation
		ADDED from AndroidManifest.xml:116:13
	android:label
		ADDED from AndroidManifest.xml:115:13
	android:name
		ADDED from AndroidManifest.xml:114:13
activity#com.cireson.assetmanager.controller.Settings
ADDED from AndroidManifest.xml:118:9
	android:screenOrientation
		ADDED from AndroidManifest.xml:121:13
	android:label
		ADDED from AndroidManifest.xml:120:13
	android:name
		ADDED from AndroidManifest.xml:119:13
activity#com.cireson.assetmanager.controller.SettingsActivity
ADDED from AndroidManifest.xml:122:9
	android:screenOrientation
		ADDED from AndroidManifest.xml:125:13
	android:label
		ADDED from AndroidManifest.xml:124:13
	android:name
		ADDED from AndroidManifest.xml:123:13
activity#com.cireson.assetmanager.controller.TheSettingsActivity
ADDED from AndroidManifest.xml:127:9
	android:screenOrientation
		ADDED from AndroidManifest.xml:130:13
	android:label
		ADDED from AndroidManifest.xml:129:13
	android:name
		ADDED from AndroidManifest.xml:128:13
activity#com.cireson.assetmanager.controller.SwapNoteEditorActivity
ADDED from AndroidManifest.xml:132:9
	android:label
		ADDED from AndroidManifest.xml:134:13
	android:name
		ADDED from AndroidManifest.xml:133:13
uses-permission#android.permission.INTERNET
ADDED from cireson_android:zxinglib:unspecified:28:5
	android:name
		ADDED from cireson_android:zxinglib:unspecified:28:22
uses-permission#android.permission.VIBRATE
ADDED from cireson_android:zxinglib:unspecified:29:5
	android:name
		ADDED from cireson_android:zxinglib:unspecified:29:22
uses-permission#android.permission.FLASHLIGHT
ADDED from cireson_android:zxinglib:unspecified:30:5
	android:name
		ADDED from cireson_android:zxinglib:unspecified:30:22
uses-permission#android.permission.READ_CONTACTS
ADDED from cireson_android:zxinglib:unspecified:31:5
	android:name
		ADDED from cireson_android:zxinglib:unspecified:31:22
uses-permission#com.android.browser.permission.READ_HISTORY_BOOKMARKS
ADDED from cireson_android:zxinglib:unspecified:32:5
	android:name
		ADDED from cireson_android:zxinglib:unspecified:32:22
uses-permission#android.permission.WRITE_EXTERNAL_STORAGE
ADDED from cireson_android:zxinglib:unspecified:33:5
	android:name
		ADDED from cireson_android:zxinglib:unspecified:33:22
uses-permission#android.permission.CHANGE_WIFI_STATE
ADDED from cireson_android:zxinglib:unspecified:34:5
	android:name
		ADDED from cireson_android:zxinglib:unspecified:34:22
uses-permission#android.permission.ACCESS_WIFI_STATE
ADDED from cireson_android:zxinglib:unspecified:35:5
	android:name
		ADDED from cireson_android:zxinglib:unspecified:35:22
uses-feature#android.hardware.camera.front
ADDED from cireson_android:zxinglib:unspecified:41:5
	android:required
		ADDED from cireson_android:zxinglib:unspecified:43:9
	android:name
		ADDED from cireson_android:zxinglib:unspecified:42:9
uses-feature#android.hardware.camera.flash
ADDED from cireson_android:zxinglib:unspecified:51:5
	android:required
		ADDED from cireson_android:zxinglib:unspecified:53:9
	android:name
		ADDED from cireson_android:zxinglib:unspecified:52:9
uses-feature#android.hardware.screen.landscape
ADDED from cireson_android:zxinglib:unspecified:54:5
	android:name
		ADDED from cireson_android:zxinglib:unspecified:54:19
uses-feature#android.hardware.wifi
ADDED from cireson_android:zxinglib:unspecified:55:5
	android:required
		ADDED from cireson_android:zxinglib:unspecified:57:9
	android:name
		ADDED from cireson_android:zxinglib:unspecified:56:9
uses-feature#android.hardware.touchscreen
ADDED from cireson_android:zxinglib:unspecified:60:5
	android:name
		ADDED from cireson_android:zxinglib:unspecified:60:19